{
  "timestamp": "2025-08-15T17:05:13.969Z",
  "environment": "development",
  "pipeline": {
    "staticAnalysis": {
      "status": "failed",
      "results": {
        "ESLint Security": {
          "success": false,
          "error": "Command failed: npm run lint:security\n\nOops! Something went wrong! :(\n\nESLint: 9.33.0\n\nA config object is using the \"extends\" key, which is not supported in flat config system.\n\nInstead of \"extends\", you can include config objects that you'd like to extend from directly in the flat config array.\n\nIf you're using \"extends\" in your config file, please see the following:\nhttps://eslint.org/docs/latest/use/configure/migration-guide#predefined-and-shareable-configs\n\nIf you're not using \"extends\" directly (it may be coming from a plugin), please see the following:\nhttps://eslint.org/docs/latest/use/configure/migration-guide#using-eslintrc-configs-in-flat-config\nnpm error Lifecycle script `lint:security` failed with error:\nnpm error code 2\nnpm error path R:\\Apps\\Briefly_Cloud\\briefly-cloud-nextjs\nnpm error workspace briefly-cloud@1.0.0\nnpm error location R:\\Apps\\Briefly_Cloud\\briefly-cloud-nextjs\nnpm error command failed\nnpm error command C:\\WINDOWS\\system32\\cmd.exe /d /s /c eslint . --config .eslintrc.security.js --ext .ts,.tsx,.js,.jsx\n",
          "output": "\n> briefly-cloud@1.0.0 lint:security\n> eslint . --config .eslintrc.security.js --ext .ts,.tsx,.js,.jsx\n\n"
        },
        "Semgrep": {
          "success": false,
          "error": "Command failed: npm run security:scan:ci\n'semgrep' is not recognized as an internal or external command,\r\noperable program or batch file.\r\nnpm error Lifecycle script `security:scan:ci` failed with error:\nnpm error code 1\nnpm error path R:\\Apps\\Briefly_Cloud\\briefly-cloud-nextjs\nnpm error workspace briefly-cloud@1.0.0\nnpm error location R:\\Apps\\Briefly_Cloud\\briefly-cloud-nextjs\nnpm error command failed\nnpm error command C:\\WINDOWS\\system32\\cmd.exe /d /s /c semgrep --config=.semgrep.yml --json --output=semgrep-results.json src/\n",
          "output": "\n> briefly-cloud@1.0.0 security:scan:ci\n> semgrep --config=.semgrep.yml --json --output=semgrep-results.json src/\n\n"
        },
        "TypeScript Check": {
          "success": false,
          "error": "Command failed: npx tsc --noEmit --strict",
          "output": "src/app/api/documents/upload/route.ts(62,3467): error TS1005: '}' expected.\r\nsrc/app/api/search/documents/route.ts(60,37): error TS1127: Invalid character.\r\nsrc/app/api/search/documents/route.ts(60,51): error TS1005: ',' expected.\r\nsrc/app/api/search/documents/route.ts(60,89): error TS1127: Invalid character.\r\nsrc/app/api/search/documents/route.ts(60,103): error TS1127: Invalid character.\r\nsrc/app/api/search/documents/route.ts(60,115): error TS1005: ',' expected.\r\nsrc/app/api/search/documents/route.ts(60,130): error TS1127: Invalid character.\r\nsrc/app/api/search/documents/route.ts(60,141): error TS1127: Invalid character.\r\nsrc/app/api/search/documents/route.ts(60,150): error TS1127: Invalid character.\r\nsrc/app/api/search/documents/route.ts(60,158): error TS1127: Invalid character.\r\nsrc/app/api/search/documents/route.ts(60,5413): error TS1005: '}' expected.\r\nsrc/app/api/usage/analytics/route.ts(26,52): error TS1127: Invalid character.\r\nsrc/app/api/usage/analytics/route.ts(26,60): error TS1005: ',' expected.\r\nsrc/app/api/usage/analytics/route.ts(26,140): error TS1127: Invalid character.\r\nsrc/app/api/usage/analytics/route.ts(26,148): error TS1005: ',' expected.\r\nsrc/app/api/usage/analytics/route.ts(26,203): error TS1127: Invalid character.\r\nsrc/app/api/usage/analytics/route.ts(26,211): error TS1127: Invalid character.\r\nsrc/app/api/usage/analytics/route.ts(26,219): error TS1005: ',' expected.\r\nsrc/app/api/usage/analytics/route.ts(26,257): error TS1127: Invalid character.\r\nsrc/app/api/usage/analytics/route.ts(26,265): error TS1005: ',' expected.\r\nsrc/app/api/usage/analytics/route.ts(26,301): error TS1127: Invalid character.\r\nsrc/app/api/usage/analytics/route.ts(26,309): error TS1127: Invalid character.\r\nsrc/app/api/usage/analytics/route.ts(26,7218): error TS1005: '}' expected.\r\nsrc/app/briefly/app/auth/signin/page.tsx(21,8): error TS1472: 'catch' or 'finally' expected.\r\nsrc/app/briefly/app/auth/signin/page.tsx(28,7): error TS1005: ',' expected.\r\nsrc/app/briefly/app/auth/signin/page.tsx(132,1): error TS1128: Declaration or statement expected.\r\nsrc/app/components/dashboard/UsageDashboard.tsx(1,163): error TS1127: Invalid character.\r\nsrc/app/components/dashboard/UsageDashboard.tsx(1,165): error TS1127: Invalid character.\r\nsrc/app/components/dashboard/UsageDashboard.tsx(1,166): error TS1434: Unexpected keyword or identifier.\r\nsrc/app/components/dashboard/UsageDashboard.tsx(1,179): error TS1127: Invalid character.\r\nsrc/app/components/dashboard/UsageDashboard.tsx(1,181): error TS1127: Invalid character.\r\nsrc/app/components/dashboard/UsageDashboard.tsx(1,182): error TS1435: Unknown keyword or identifier. Did you mean 'import'?\r\nsrc/app/components/dashboard/UsageDashboard.tsx(1,221): error TS1005: ';' expected.\r\nsrc/app/components/dashboard/UsageDashboard.tsx(1,233): error TS1127: Invalid character.\r\nsrc/app/components/dashboard/UsageDashboard.tsx(1,234): error TS1435: Unknown keyword or identifier. Did you mean 'import'?\r\nsrc/app/components/dashboard/UsageDashboard.tsx(1,304): error TS1434: Unexpected keyword or identifier.\r\nsrc/app/components/dashboard/UsageDashboard.tsx(1,335): error TS1127: Invalid character.\r\nsrc/app/components/dashboard/UsageDashboard.tsx(1,336): error TS1435: Unknown keyword or identifier. Did you mean 'import'?\r\nsrc/app/components/dashboard/UsageDashboard.tsx(1,357): error TS1434: Unexpected keyword or identifier.\r\nsrc/app/components/dashboard/UsageDashboard.tsx(1,392): error TS1127: Invalid character.\r\nsrc/app/components/dashboard/UsageDashboard.tsx(1,393): error TS1435: Unknown keyword or identifier. Did you mean 'import'?\r\nsrc/app/components/dashboard/UsageDashboard.tsx(1,411): error TS1434: Unexpected keyword or identifier.\r\nsrc/app/components/dashboard/UsageDashboard.tsx(1,443): error TS1127: Invalid character.\r\nsrc/app/components/dashboard/UsageDashboard.tsx(1,444): error TS1435: Unknown keyword or identifier. Did you mean 'import'?\r\nsrc/app/components/dashboard/UsageDashboard.tsx(1,463): error TS1434: Unexpected keyword or identifier.\r\nsrc/app/components/dashboard/UsageDashboard.tsx(1,496): error TS1127: Invalid character.\r\nsrc/app/components/dashboard/UsageDashboard.tsx(1,497): error TS1435: Unknown keyword or identifier. Did you mean 'import'?\r\nsrc/app/components/dashboard/UsageDashboard.tsx(1,550): error TS1434: Unexpected keyword or identifier.\r\nsrc/app/components/dashboard/UsageDashboard.tsx(1,581): error TS1127: Invalid character.\r\nsrc/app/components/dashboard/UsageDashboard.tsx(1,582): error TS1435: Unknown keyword or identifier. Did you mean 'import'?\r\nsrc/app/components/dashboard/UsageDashboard.tsx(1,630): error TS1434: Unexpected keyword or identifier.\r\nsrc/app/components/dashboard/UsageDashboard.tsx(1,662): error TS1127: Invalid character.\r\nsrc/app/components/dashboard/UsageDashboard.tsx(1,663): error TS1435: Unknown keyword or identifier. Did you mean 'import'?\r\nsrc/app/components/dashboard/UsageDashboard.tsx(1,673): error TS1127: Invalid character.\r\nsrc/app/components/dashboard/UsageDashboard.tsx(1,674): error TS1434: Unexpected keyword or identifier.\r\nsrc/app/components/dashboard/UsageDashboard.tsx(1,687): error TS1127: Invalid character.\r\nsrc/app/components/dashboard/UsageDashboard.tsx(1,688): error TS1434: Unexpected keyword or identifier.\r\nsrc/app/components/dashboard/UsageDashboard.tsx(1,696): error TS1127: Invalid character.\r\nsrc/app/components/dashboard/UsageDashboard.tsx(1,697): error TS1434: Unexpected keyword or identifier.\r\nsrc/app/components/dashboard/UsageDashboard.tsx(1,707): error TS1127: Invalid character.\r\nsrc/app/components/dashboard/UsageDashboard.tsx(1,708): error TS1434: Unexpected keyword or identifier.\r\nsrc/app/components/dashboard/UsageDashboard.tsx(1,718): error TS1127: Invalid character.\r\nsrc/app/components/dashboard/UsageDashboard.tsx(1,719): error TS1434: Unexpected keyword or identifier.\r\nsrc/app/components/dashboard/UsageDashboard.tsx(1,737): error TS1127: Invalid character.\r\nsrc/app/components/dashboard/UsageDashboard.tsx(1,738): error TS1434: Unexpected keyword or identifier.\r\nsrc/app/components/dashboard/UsageDashboard.tsx(1,750): error TS1127: Invalid character.\r\nsrc/app/components/dashboard/UsageDashboard.tsx(1,751): error TS1434: Unexpected keyword or identifier.\r\nsrc/app/components/dashboard/UsageDashboard.tsx(1,774): error TS1127: Invalid character.\r\nsrc/app/components/dashboard/UsageDashboard.tsx(1,775): error TS1434: Unexpected keyword or identifier.\r\nsrc/app/components/dashboard/UsageDashboard.tsx(1,788): error TS1127: Invalid character.\r\nsrc/app/components/dashboard/UsageDashboard.tsx(1,789): error TS1434: Unexpected keyword or identifier.\r\nsrc/app/components/dashboard/UsageDashboard.tsx(1,797): error TS1127: Invalid character.\r\nsrc/app/components/dashboard/UsageDashboard.tsx(1,798): error TS1434: Unexpected keyword or identifier.\r\nsrc/app/components/dashboard/UsageDashboard.tsx(1,810): error TS1127: Invalid character.\r\nsrc/app/components/dashboard/UsageDashboard.tsx(1,811): error TS1434: Unexpected keyword or identifier.\r\nsrc/app/components/dashboard/UsageDashboard.tsx(1,818): error TS1127: Invalid character.\r\nsrc/app/components/dashboard/UsageDashboard.tsx(1,819): error TS1434: Unexpected keyword or identifier.\r\nsrc/app/components/dashboard/UsageDashboard.tsx(1,826): error TS1127: Invalid character.\r\nsrc/app/components/dashboard/UsageDashboard.tsx(1,830): error TS1434: Unexpected keyword or identifier.\r\nsrc/app/components/dashboard/UsageDashboard.tsx(1,845): error TS1127: Invalid character.\r\nsrc/app/components/dashboard/UsageDashboard.tsx(1,846): error TS1435: Unknown keyword or identifier. Did you mean 'import'?\r\nsrc/app/components/dashboard/UsageDashboard.tsx(1,856): error TS1127: Invalid character.\r\nsrc/app/components/dashboard/UsageDashboard.tsx(1,857): error TS1434: Unexpected keyword or identifier.\r\nsrc/app/components/dashboard/UsageDashboard.tsx(1,875): error TS1127: Invalid character.\r\nsrc/app/components/dashboard/UsageDashboard.tsx(1,876): error TS1434: Unexpected keyword or identifier.\r\nsrc/app/components/dashboard/UsageDashboard.tsx(1,887): error TS1127: Invalid character.\r\nsrc/app/components/dashboard/UsageDashboard.tsx(1,888): error TS1434: Unexpected keyword or identifier.\r\nsrc/app/components/dashboard/UsageDashboard.tsx(1,899): error TS1127: Invalid character.\r\nsrc/app/components/dashboard/UsageDashboard.tsx(1,900): error TS1434: Unexpected keyword or identifier.\r\nsrc/app/components/dashboard/UsageDashboard.tsx(1,913): error TS1127: Invalid character.\r\nsrc/app/components/dashboard/UsageDashboard.tsx(1,914): error TS1434: Unexpected keyword or identifier.\r\nsrc/app/components/dashboard/UsageDashboard.tsx(1,929): error TS1127: Invalid character.\r\nsrc/app/components/dashboard/UsageDashboard.tsx(1,930): error TS1434: Unexpected keyword or identifier.\r\nsrc/app/components/dashboard/UsageDashboard.tsx(1,946): error TS1127: Invalid character.\r\nsrc/app/components/dashboard/UsageDashboard.tsx(1,947): error TS1434: Unexpected keyword or identifier.\r\nsrc/app/components/dashboard/UsageDashboard.tsx(1,964): error TS1127: Invalid character.\r\nsrc/app/components/dashboard/UsageDashboard.tsx(1,965): error TS1434: Unexpected keyword or identifier.\r\nsrc/app/components/dashboard/UsageDashboard.tsx(1,980): error TS1127: Invalid character.\r\nsrc/app/components/dashboard/UsageDashboard.tsx(1,981): error TS1434: Unexpected keyword or identifier.\r\nsrc/app/components/dashboard/UsageDashboard.tsx(1,990): error TS1127: Invalid character.\r\nsrc/app/components/dashboard/UsageDashboard.tsx(1,991): error TS1434: Unexpected keyword or identifier.\r\nsrc/app/components/dashboard/UsageDashboard.tsx(1,997): error TS1127: Invalid character.\r\nsrc/app/components/dashboard/UsageDashboard.tsx(1,1001): error TS1434: Unexpected keyword or identifier.\r\nsrc/app/components/dashboard/UsageDashboard.tsx(1,1020): error TS1127: Invalid character.\r\nsrc/app/components/dashboard/UsageDashboard.tsx(1,1022): error TS1127: Invalid character.\r\nsrc/app/components/dashboard/UsageDashboard.tsx(1,1023): error TS1435: Unknown keyword or identifier. Did you mean 'interface'?\r\nsrc/app/components/dashboard/UsageDashboard.tsx(1,1034): error TS1434: Unexpected keyword or identifier.\r\nsrc/app/components/dashboard/UsageDashboard.tsx(1,1045): error TS1127: Invalid character.\r\nsrc/app/components/dashboard/UsageDashboard.tsx(1,1046): error TS1434: Unexpected keyword or identifier.\r\nsrc/app/components/dashboard/UsageDashboard.tsx(1,1064): error TS1127: Invalid character.\r\nsrc/app/components/dashboard/UsageDashboard.tsx(1,1065): error TS1434: Unexpected keyword or identifier.\r\nsrc/app/components/dashboard/UsageDashboard.tsx(1,1082): error TS1127: Invalid character.\r\nsrc/app/components/dashboard/UsageDashboard.tsx(1,1083): error TS1434: Unexpected keyword or identifier.\r\nsrc/app/components/dashboard/UsageDashboard.tsx(1,1102): error TS1127: Invalid character.\r\nsrc/app/components/dashboard/UsageDashboard.tsx(1,1103): error TS1434: Unexpected keyword or identifier.\r\nsrc/app/components/dashboard/UsageDashboard.tsx(1,1117): error TS1127: Invalid character.\r\nsrc/app/components/dashboard/UsageDashboard.tsx(1,1118): error TS1434: Unexpected keyword or identifier.\r\nsrc/app/components/dashboard/UsageDashboard.tsx(1,1213): error TS1127: Invalid character.\r\nsrc/app/components/dashboard/UsageDashboard.tsx(1,1214): error TS1434: Unexpected keyword or identifier.\r\nsrc/app/components/dashboard/UsageDashboard.tsx(1,1306): error TS1127: Invalid character.\r\nsrc/app/components/dashboard/UsageDashboard.tsx(1,1307): error TS1434: Unexpected keyword or identifier.\r\nsrc/app/components/dashboard/UsageDashboard.tsx(1,1398): error TS1127: Invalid character.\r\nsrc/app/components/dashboard/UsageDashboard.tsx(1,1399): error TS1434: Unexpected keyword or identifier.\r\nsrc/app/components/dashboard/UsageDashboard.tsx(1,1489): error TS1127: Invalid character.\r\nsrc/app/components/dashboard/UsageDashboard.tsx(1,1496): error TS1127: Invalid character.\r\nsrc/app/components/dashboard/UsageDashboard.tsx(1,1501): error TS1127: Invalid character.\r\nsrc/app/components/dashboard/UsageDashboard.tsx(1,1502): error TS1434: Unexpected keyword or identifier.\r\nsrc/app/components/dashboard/UsageDashboard.tsx(1,1514): error TS1127: Invalid character.\r\nsrc/app/components/dashboard/UsageDashboard.tsx(1,1515): error TS1434: Unexpected keyword or identifier.\r\nsrc/app/components/dashboard/UsageDashboard.tsx(1,1610): error TS1127: Invalid character.\r\nsrc/app/components/dashboard/UsageDashboard.tsx(1,1611): error TS1434: Unexpected keyword or identifier.\r\nsrc/app/components/dashboard/UsageDashboard.tsx(1,1701): error TS1127: Invalid character.\r\nsrc/app/components/dashboard/UsageDashboard.tsx(1,1702): error TS1434: Unexpected keyword or identifier.\r\nsrc/app/components/dashboard/UsageDashboard.tsx(1,1793): error TS1127: Invalid character.\r\nsrc/app/components/dashboard/UsageDashboard.tsx(1,1798): error TS1127: Invalid character.\r\nsrc/app/components/dashboard/UsageDashboard.tsx(1,1799): error TS1434: Unexpected keyword or identifier.\r\nsrc/app/components/dashboard/UsageDashboard.tsx(1,1815): error TS1127: Invalid character.\r\nsrc/app/components/dashboard/UsageDashboard.tsx(1,1816): error TS1434: Unexpected keyword or identifier.\r\nsrc/app/components/dashboard/UsageDashboard.tsx(1,1849): error TS1127: Invalid character.\r\nsrc/app/components/dashboard/UsageDashboard.tsx(1,1850): error TS1434: Unexpected keyword or identifier.\r\nsrc/app/components/dashboard/UsageDashboard.tsx(1,1882): error TS1127: Invalid character.\r\nsrc/app/components/dashboard/UsageDashboard.tsx(1,1883): error TS1434: Unexpected keyword or identifier.\r\nsrc/app/components/dashboard/UsageDashboard.tsx(1,1914): error TS1127: Invalid character.\r\nsrc/app/components/dashboard/UsageDashboard.tsx(1,1915): error TS1434: Unexpected keyword or identifier.\r\nsrc/app/components/dashboard/UsageDashboard.tsx(1,1939): error TS1127: Invalid character.\r\nsrc/app/components/dashboard/UsageDashboard.tsx(1,1944): error TS1127: Invalid character.\r\nsrc/app/components/dashboard/UsageDashboard.tsx(1,1945): error TS1434: Unexpected keyword or identifier.\r\nsrc/app/components/dashboard/UsageDashboard.tsx(1,1972): error TS1127: Invalid character.\r\nsrc/app/components/dashboard/UsageDashboard.tsx(1,1978): error TS1005: ',' expected.\r\nsrc/app/components/dashboard/UsageDashboard.tsx(1,1992): error TS1127: Invalid character.\r\nsrc/app/components/dashboard/UsageDashboard.tsx(1,1998): error TS1005: ',' expected.\r\nsrc/app/components/dashboard/UsageDashboard.tsx(1,2021): error TS1127: Invalid character.\r\nsrc/app/components/dashboard/UsageDashboard.tsx(1,2027): error TS1005: ',' expected.\r\nsrc/app/components/dashboard/UsageDashboard.tsx(1,2044): error TS1011: An element access expression should take an argument.\r\nsrc/app/components/dashboard/UsageDashboard.tsx(1,2045): error TS1127: Invalid character.\r\nsrc/app/components/dashboard/UsageDashboard.tsx(1,2051): error TS1127: Invalid character.\r\nsrc/app/components/dashboard/UsageDashboard.tsx(1,2052): error TS1434: Unexpected keyword or identifier.\r\nsrc/app/components/dashboard/UsageDashboard.tsx(1,2078): error TS1127: Invalid character.\r\nsrc/app/components/dashboard/UsageDashboard.tsx(1,2084): error TS1005: ',' expected.\r\nsrc/app/components/dashboard/UsageDashboard.tsx(1,2098): error TS1127: Invalid character.\r\nsrc/app/components/dashboard/UsageDashboard.tsx(1,2104): error TS1005: ',' expected.\r\nsrc/app/components/dashboard/UsageDashboard.tsx(1,2121): error TS1127: Invalid character.\r\nsrc/app/components/dashboard/UsageDashboard.tsx(1,2127): error TS1005: ',' expected.\r\nsrc/app/components/dashboard/UsageDashboard.tsx(1,2143): error TS1127: Invalid character.\r\nsrc/app/components/dashboard/UsageDashboard.tsx(1,2149): error TS1127: Invalid character.\r\nsrc/app/components/dashboard/UsageDashboard.tsx(1,2150): error TS1434: Unexpected keyword or identifier.\r\nsrc/app/components/dashboard/UsageDashboard.tsx(1,2164): error TS1127: Invalid character.\r\nsrc/app/components/dashboard/UsageDashboard.tsx(1,2165): error TS1434: Unexpected keyword or identifier.\r\nsrc/app/components/dashboard/UsageDashboard.tsx(1,2193): error TS1127: Invalid character.\r\nsrc/app/components/dashboard/UsageDashboard.tsx(1,2194): error TS1434: Unexpected keyword or identifier.\r\nsrc/app/components/dashboard/UsageDashboard.tsx(1,2219): error TS1127: Invalid character.\r\nsrc/app/components/dashboard/UsageDashboard.tsx(1,2220): error TS1434: Unexpected keyword or identifier.\r\nsrc/app/components/dashboard/UsageDashboard.tsx(1,2250): error TS1127: Invalid character.\r\nsrc/app/components/dashboard/UsageDashboard.tsx(1,2251): error TS1434: Unexpected keyword or identifier.\r\nsrc/app/components/dashboard/UsageDashboard.tsx(1,2285): error TS1127: Invalid character.\r\nsrc/app/components/dashboard/UsageDashboard.tsx(1,2290): error TS1127: Invalid character.\r\nsrc/app/components/dashboard/UsageDashboard.tsx(1,2293): error TS1127: Invalid character.\r\nsrc/app/components/dashboard/UsageDashboard.tsx(1,2295): error TS1127: Invalid character.\r\nsrc/app/components/dashboard/UsageDashboard.tsx(1,2296): error TS1435: Unknown keyword or identifier. Did you mean 'const'?\r\nsrc/app/components/dashboard/UsageDashboard.tsx(1,2367): error TS1127: Invalid character.\r\nsrc/app/components/dashboard/UsageDashboard.tsx(1,2369): error TS1127: Invalid character.\r\nsrc/app/components/dashboard/UsageDashboard.tsx(1,2370): error TS1435: Unknown keyword or identifier. Did you mean 'export'?\r\nsrc/app/components/dashboard/UsageDashboard.tsx(1,2405): error TS1127: Invalid character.\r\nsrc/app/components/dashboard/UsageDashboard.tsx(1,2406): error TS1434: Unexpected keyword or identifier.\r\nsrc/app/components/dashboard/UsageDashboard.tsx(1,2475): error TS1127: Invalid character.\r\nsrc/app/components/dashboard/UsageDashboard.tsx(1,2479): error TS1005: ',' expected.\r\nsrc/app/components/dashboard/UsageDashboard.tsx(1,2523): error TS1127: Invalid character.\r\nsrc/app/components/dashboard/UsageDashboard.tsx(1,2527): error TS1005: ',' expected.\r\nsrc/app/components/dashboard/UsageDashboard.tsx(1,2582): error TS1127: Invalid character.\r\nsrc/app/components/dashboard/UsageDashboard.tsx(1,2586): error TS1005: ',' expected.\r\nsrc/app/components/dashboard/UsageDashboard.tsx(1,2649): error TS1127: Invalid character.\r\nsrc/app/components/dashboard/UsageDashboard.tsx(1,2651): error TS1127: Invalid character.\r\nsrc/app/components/dashboard/UsageDashboard.tsx(1,2655): error TS1005: ',' expected.\r\nsrc/app/components/dashboard/UsageDashboard.tsx(1,2664): error TS1005: ',' expected.\r\nsrc/app/components/dashboard/UsageDashboard.tsx(1,2672): error TS1127: Invalid character.\r\nsrc/app/components/dashboard/UsageDashboard.tsx(1,2673): error TS1434: Unexpected keyword or identifier.\r\nsrc/app/components/dashboard/UsageDashboard.tsx(1,2694): error TS1127: Invalid character.\r\nsrc/app/components/dashboard/UsageDashboard.tsx(1,2718): error TS1127: Invalid character.\r\nsrc/app/components/dashboard/UsageDashboard.tsx(1,2720): error TS1127: Invalid character.\r\nsrc/app/components/dashboard/UsageDashboard.tsx(1,2721): error TS1434: Unexpected keyword or identifier.\r\nsrc/app/components/dashboard/UsageDashboard.tsx(1,2760): error TS1127: Invalid character.\r\nsrc/app/components/dashboard/UsageDashboard.tsx(1,2761): error TS1434: Unexpected keyword or identifier.\r\nsrc/app/components/dashboard/UsageDashboard.tsx(1,2771): error TS1127: Invalid character.\r\nsrc/app/components/dashboard/UsageDashboard.tsx(1,2772): error TS1434: Unexpected keyword or identifier.\r\nsrc/app/components/dashboard/UsageDashboard.tsx(1,2795): error TS1127: Invalid character.\r\nsrc/app/components/dashboard/UsageDashboard.tsx(1,2796): error TS1434: Unexpected keyword or identifier.\r\nsrc/app/components/dashboard/UsageDashboard.tsx(1,2880): error TS1127: Invalid character.\r\nsrc/app/components/dashboard/UsageDashboard.tsx(1,2888): error TS1005: ',' expected.\r\nsrc/app/components/dashboard/UsageDashboard.tsx(1,2924): error TS1127: Invalid character.\r\nsrc/app/components/dashboard/UsageDashboard.tsx(1,2932): error TS1127: Invalid character.\r\nsrc/app/components/dashboard/UsageDashboard.tsx(1,2940): error TS1005: ',' expected.\r\nsrc/app/components/dashboard/UsageDashboard.tsx(1,2962): error TS1127: Invalid character.\r\nsrc/app/components/dashboard/UsageDashboard.tsx(1,2963): error TS1434: Unexpected keyword or identifier.\r\nsrc/app/components/dashboard/UsageDashboard.tsx(1,3035): error TS1127: Invalid character.\r\nsrc/app/components/dashboard/UsageDashboard.tsx(1,3044): error TS1127: Invalid character.\r\nsrc/app/components/dashboard/UsageDashboard.tsx(1,3052): error TS1127: Invalid character.\r\nsrc/app/components/dashboard/UsageDashboard.tsx(1,3053): error TS1434: Unexpected keyword or identifier.\r\nsrc/app/components/dashboard/UsageDashboard.tsx(1,3085): error TS1127: Invalid character.\r\nsrc/app/components/dashboard/UsageDashboard.tsx(1,3086): error TS1434: Unexpected keyword or identifier.\r\nsrc/app/components/dashboard/UsageDashboard.tsx(1,3107): error TS1127: Invalid character.\r\nsrc/app/components/dashboard/UsageDashboard.tsx(1,3128): error TS1127: Invalid character.\r\nsrc/app/components/dashboard/UsageDashboard.tsx(1,3129): error TS1434: Unexpected keyword or identifier.\r\nsrc/app/components/dashboard/UsageDashboard.tsx(1,3202): error TS1127: Invalid character.\r\nsrc/app/components/dashboard/UsageDashboard.tsx(1,3219): error TS1127: Invalid character.\r\nsrc/app/components/dashboard/UsageDashboard.tsx(1,3220): error TS1434: Unexpected keyword or identifier.\r\nsrc/app/components/dashboard/UsageDashboard.tsx(1,3244): error TS1127: Invalid character.\r\nsrc/app/components/dashboard/UsageDashboard.tsx(1,3251): error TS1127: Invalid character.\r\nsrc/app/components/dashboard/UsageDashboard.tsx(1,3256): error TS1127: Invalid character.\r\nsrc/app/components/dashboard/UsageDashboard.tsx(1,3258): error TS1127: Invalid character.\r\nsrc/app/components/dashboard/UsageDashboard.tsx(1,3262): error TS1005: ',' expected.\r\nsrc/app/components/dashboard/UsageDashboard.tsx(1,3302): error TS1127: Invalid character.\r\nsrc/app/components/dashboard/UsageDashboard.tsx(1,3303): error TS1434: Unexpected keyword or identifier.\r\nsrc/app/components/dashboard/UsageDashboard.tsx(1,3341): error TS1127: Invalid character.\r\nsrc/app/components/dashboard/UsageDashboard.tsx(1,3342): error TS1434: Unexpected keyword or identifier.\r\nsrc/app/components/dashboard/UsageDashboard.tsx(1,3361): error TS1127: Invalid character.\r\nsrc/app/components/dashboard/UsageDashboard.tsx(1,3367): error TS1005: ',' expected.\r\nsrc/app/components/dashboard/UsageDashboard.tsx(1,3408): error TS1127: Invalid character.\r\nsrc/app/components/dashboard/UsageDashboard.tsx(1,3414): error TS1005: ',' expected.\r\nsrc/app/components/dashboard/UsageDashboard.tsx(1,3465): error TS1127: Invalid character.\r\nsrc/app/components/dashboard/UsageDashboard.tsx(1,3471): error TS1005: ',' expected.\r\nsrc/app/components/dashboard/UsageDashboard.tsx(1,3542): error TS1127: Invalid character.\r\nsrc/app/components/dashboard/UsageDashboard.tsx(1,3547): error TS1127: Invalid character.\r\nsrc/app/components/dashboard/UsageDashboard.tsx(1,3549): error TS1127: Invalid character.\r\nsrc/app/components/dashboard/UsageDashboard.tsx(1,3553): error TS1005: ',' expected.\r\nsrc/app/components/dashboard/UsageDashboard.tsx(1,3593): error TS1127: Invalid character.\r\nsrc/app/components/dashboard/UsageDashboard.tsx(1,3594): error TS1434: Unexpected keyword or identifier.\r\nsrc/app/components/dashboard/UsageDashboard.tsx(1,3614): error TS1127: Invalid character.\r\nsrc/app/components/dashboard/UsageDashboard.tsx(1,3615): error TS1130: 'case' or 'default' expected.\r\nsrc/app/components/dashboard/UsageDashboard.tsx(1,3622): error TS1128: Declaration or statement expected.\r\nsrc/app/components/dashboard/UsageDashboard.tsx(1,3633): error TS1005: ';' expected.\r\nsrc/app/components/dashboard/UsageDashboard.tsx(1,3669): error TS1127: Invalid character.\r\nsrc/app/components/dashboard/UsageDashboard.tsx(1,3670): error TS1434: Unexpected keyword or identifier.\r\nsrc/app/components/dashboard/UsageDashboard.tsx(1,3677): error TS1128: Declaration or statement expected.\r\nsrc/app/components/dashboard/UsageDashboard.tsx(1,3687): error TS1005: ';' expected.\r\nsrc/app/components/dashboard/UsageDashboard.tsx(1,3723): error TS1127: Invalid character.\r\nsrc/app/components/dashboard/UsageDashboard.tsx(1,3724): error TS1434: Unexpected keyword or identifier.\r\nsrc/app/components/dashboard/UsageDashboard.tsx(1,3731): error TS1128: Declaration or statement expected.\r\nsrc/app/components/dashboard/UsageDashboard.tsx(1,3746): error TS1005: ';' expected.\r\nsrc/app/components/dashboard/UsageDashboard.tsx(1,3786): error TS1127: Invalid character.\r\nsrc/app/components/dashboard/UsageDashboard.tsx(1,3787): error TS1434: Unexpected keyword or identifier.\r\nsrc/app/components/dashboard/UsageDashboard.tsx(1,3794): error TS1128: Declaration or statement expected.\r\nsrc/app/components/dashboard/UsageDashboard.tsx(1,3801): error TS1128: Declaration or statement expected.\r\nsrc/app/components/dashboard/UsageDashboard.tsx(1,3837): error TS1127: Invalid character.\r\nsrc/app/components/dashboard/UsageDashboard.tsx(1,3844): error TS1127: Invalid character.\r\nsrc/app/components/dashboard/UsageDashboard.tsx(1,3849): error TS1127: Invalid character.\r\nsrc/app/components/dashboard/UsageDashboard.tsx(1,3851): error TS1127: Invalid character.\r\nsrc/app/components/dashboard/UsageDashboard.tsx(1,3852): error TS1434: Unexpected keyword or identifier.\r\nsrc/app/components/dashboard/UsageDashboard.tsx(1,3903): error TS1127: Invalid character.\r\nsrc/app/components/dashboard/UsageDashboard.tsx(1,3904): error TS1434: Unexpected keyword or identifier.\r\nsrc/app/components/dashboard/UsageDashboard.tsx(1,3953): error TS1127: Invalid character.\r\nsrc/app/components/dashboard/UsageDashboard.tsx(1,3954): error TS1434: Unexpected keyword or identifier.\r\nsrc/app/components/dashboard/UsageDashboard.tsx(1,4006): error TS1127: Invalid character.\r\nsrc/app/components/dashboard/UsageDashboard.tsx(1,4007): error TS1434: Unexpected keyword or identifier.\r\nsrc/app/components/dashboard/UsageDashboard.tsx(1,4035): error TS1127: Invalid character.\r\nsrc/app/components/dashboard/UsageDashboard.tsx(1,4040): error TS1127: Invalid character.\r\nsrc/app/components/dashboard/UsageDashboard.tsx(1,4042): error TS1127: Invalid character.\r\nsrc/app/components/dashboard/UsageDashboard.tsx(1,4046): error TS1005: ',' expected.\r\nsrc/app/components/dashboard/UsageDashboard.tsx(1,4088): error TS1127: Invalid character.\r\nsrc/app/components/dashboard/UsageDashboard.tsx(1,4089): error TS1434: Unexpected keyword or identifier.\r\nsrc/app/components/dashboard/UsageDashboard.tsx(1,4139): error TS1127: Invalid character.\r\nsrc/app/components/dashboard/UsageDashboard.tsx(1,4140): error TS1003: Identifier expected.\r\nsrc/app/components/dashboard/UsageDashboard.tsx(1,18541): error TS1002: Unterminated string literal.\r\nsrc/app/components/dashboard/UsageDashboard.tsx(1,18541): error TS1005: '}' expected.\r\n"
        }
      }
    },
    "dependencyScans": {
      "status": "passed",
      "results": {
        "NPM Audit": {
          "success": false,
          "error": "Command failed: npm audit --audit-level=moderate --json",
          "output": "{\n  \"auditReportVersion\": 2,\n  \"vulnerabilities\": {\n    \"xlsx\": {\n      \"name\": \"xlsx\",\n      \"severity\": \"high\",\n      \"isDirect\": true,\n      \"via\": [\n        {\n          \"source\": 1094599,\n          \"name\": \"xlsx\",\n          \"dependency\": \"xlsx\",\n          \"title\": \"Prototype Pollution in sheetJS\",\n          \"url\": \"https://github.com/advisories/GHSA-4r6h-8v6p-xvw6\",\n          \"severity\": \"high\",\n          \"cwe\": [\n            \"CWE-1321\"\n          ],\n          \"cvss\": {\n            \"score\": 7.8,\n            \"vectorString\": \"CVSS:3.1/AV:L/AC:L/PR:N/UI:R/S:U/C:H/I:H/A:H\"\n          },\n          \"range\": \"<0.19.3\"\n        },\n        {\n          \"source\": 1096911,\n          \"name\": \"xlsx\",\n          \"dependency\": \"xlsx\",\n          \"title\": \"SheetJS Regular Expression Denial of Service (ReDoS)\",\n          \"url\": \"https://github.com/advisories/GHSA-5pgg-2g8v-p4x9\",\n          \"severity\": \"high\",\n          \"cwe\": [\n            \"CWE-1333\"\n          ],\n          \"cvss\": {\n            \"score\": 7.5,\n            \"vectorString\": \"CVSS:3.1/AV:N/AC:L/PR:N/UI:N/S:U/C:N/I:N/A:H\"\n          },\n          \"range\": \"<0.20.2\"\n        }\n      ],\n      \"effects\": [],\n      \"range\": \"*\",\n      \"nodes\": [\n        \"node_modules/xlsx\"\n      ],\n      \"fixAvailable\": false\n    }\n  },\n  \"metadata\": {\n    \"vulnerabilities\": {\n      \"info\": 0,\n      \"low\": 0,\n      \"moderate\": 0,\n      \"high\": 1,\n      \"critical\": 0,\n      \"total\": 1\n    },\n    \"dependencies\": {\n      \"prod\": 419,\n      \"dev\": 601,\n      \"optional\": 96,\n      \"peer\": 54,\n      \"peerOptional\": 0,\n      \"total\": 1115\n    }\n  }\n}\n"
        },
        "Audit CI": {
          "success": false,
          "error": "Command failed: npx audit-ci --moderate\n\u001b[33mFound vulnerable advisory paths:\u001b[0m\n\u001b[31mFailed security audit due to high vulnerabilities.\nVulnerable advisories are:\nhttps://github.com/advisories/GHSA-4r6h-8v6p-xvw6\nhttps://github.com/advisories/GHSA-5pgg-2g8v-p4x9\u001b[0m\n\u001b[31mExiting...\u001b[0m\n",
          "output": "\u001b[36mNPM audit report results:\u001b[0m\n{\n  \"advisories\": {\n    \"xlsx\": {\n      \"name\": \"xlsx\",\n      \"severity\": \"high\",\n      \"isDirect\": true,\n      \"via\": [\n        {\n          \"source\": 1094599,\n          \"name\": \"xlsx\",\n          \"dependency\": \"xlsx\",\n          \"title\": \"Prototype Pollution in sheetJS\",\n          \"url\": \"https://github.com/advisories/GHSA-4r6h-8v6p-xvw6\",\n          \"severity\": \"high\",\n          \"cwe\": [\n            \"CWE-1321\"\n          ],\n          \"cvss\": {\n            \"score\": 7.8,\n            \"vectorString\": \"CVSS:3.1/AV:L/AC:L/PR:N/UI:R/S:U/C:H/I:H/A:H\"\n          },\n          \"range\": \"<0.19.3\"\n        },\n        {\n          \"source\": 1096911,\n          \"name\": \"xlsx\",\n          \"dependency\": \"xlsx\",\n          \"title\": \"SheetJS Regular Expression Denial of Service (ReDoS)\",\n          \"url\": \"https://github.com/advisories/GHSA-5pgg-2g8v-p4x9\",\n          \"severity\": \"high\",\n          \"cwe\": [\n            \"CWE-1333\"\n          ],\n          \"cvss\": {\n            \"score\": 7.5,\n            \"vectorString\": \"CVSS:3.1/AV:N/AC:L/PR:N/UI:N/S:U/C:N/I:N/A:H\"\n          },\n          \"range\": \"<0.20.2\"\n        }\n      ],\n      \"effects\": [],\n      \"range\": \"*\",\n      \"nodes\": [\n        \"node_modules/xlsx\"\n      ],\n      \"fixAvailable\": false\n    }\n  },\n  \"metadata\": {\n    \"vulnerabilities\": {\n      \"info\": 0,\n      \"low\": 0,\n      \"moderate\": 0,\n      \"high\": 1,\n      \"critical\": 0,\n      \"total\": 1\n    },\n    \"dependencies\": {\n      \"prod\": 419,\n      \"dev\": 601,\n      \"optional\": 96,\n      \"peer\": 54,\n      \"peerOptional\": 0,\n      \"total\": 1115\n    }\n  }\n}\nGHSA-4r6h-8v6p-xvw6|xlsx\nGHSA-5pgg-2g8v-p4x9|xlsx\n"
        }
      }
    },
    "securityTests": {
      "status": "passed",
      "results": {
        "auth": {
          "success": false,
          "error": "Command failed: npm run test:security:auth\ntestPathPattern:\n\n  Option \"testPathPattern\" was replaced by \"--testPathPatterns\". \"--testPathPatterns\" is only available as a command-line option.\n  \n  Please update your configuration.\n\n  CLI Options Documentation:\n  https://jestjs.io/docs/cli\n\nnpm error Lifecycle script `test:security:auth` failed with error:\nnpm error code 1\nnpm error path R:\\Apps\\Briefly_Cloud\\briefly-cloud-nextjs\nnpm error workspace briefly-cloud@1.0.0\nnpm error location R:\\Apps\\Briefly_Cloud\\briefly-cloud-nextjs\nnpm error command failed\nnpm error command C:\\WINDOWS\\system32\\cmd.exe /d /s /c jest --config jest.security.config.js --testPathPattern=auth --runInBand\n",
          "output": "\n> briefly-cloud@1.0.0 test:security:auth\n> jest --config jest.security.config.js --testPathPattern=auth --runInBand\n\n"
        },
        "rls": {
          "success": false,
          "error": "Command failed: npm run test:security:rls\ntestPathPattern:\n\n  Option \"testPathPattern\" was replaced by \"--testPathPatterns\". \"--testPathPatterns\" is only available as a command-line option.\n  \n  Please update your configuration.\n\n  CLI Options Documentation:\n  https://jestjs.io/docs/cli\n\nnpm error Lifecycle script `test:security:rls` failed with error:\nnpm error code 1\nnpm error path R:\\Apps\\Briefly_Cloud\\briefly-cloud-nextjs\nnpm error workspace briefly-cloud@1.0.0\nnpm error location R:\\Apps\\Briefly_Cloud\\briefly-cloud-nextjs\nnpm error command failed\nnpm error command C:\\WINDOWS\\system32\\cmd.exe /d /s /c jest --config jest.security.config.js --testPathPattern=rls --runInBand\n",
          "output": "\n> briefly-cloud@1.0.0 test:security:rls\n> jest --config jest.security.config.js --testPathPattern=rls --runInBand\n\n"
        },
        "rate-limiting": {
          "success": false,
          "error": "Command failed: npm run test:security:rate-limiting\ntestPathPattern:\n\n  Option \"testPathPattern\" was replaced by \"--testPathPatterns\". \"--testPathPatterns\" is only available as a command-line option.\n  \n  Please update your configuration.\n\n  CLI Options Documentation:\n  https://jestjs.io/docs/cli\n\nnpm error Lifecycle script `test:security:rate-limiting` failed with error:\nnpm error code 1\nnpm error path R:\\Apps\\Briefly_Cloud\\briefly-cloud-nextjs\nnpm error workspace briefly-cloud@1.0.0\nnpm error location R:\\Apps\\Briefly_Cloud\\briefly-cloud-nextjs\nnpm error command failed\nnpm error command C:\\WINDOWS\\system32\\cmd.exe /d /s /c jest --config jest.security.config.js --testPathPattern=rate-limiting --runInBand\n",
          "output": "\n> briefly-cloud@1.0.0 test:security:rate-limiting\n> jest --config jest.security.config.js --testPathPattern=rate-limiting --runInBand\n\n"
        },
        "audit": {
          "success": false,
          "error": "Command failed: npm run test:security:audit\ntestPathPattern:\n\n  Option \"testPathPattern\" was replaced by \"--testPathPatterns\". \"--testPathPatterns\" is only available as a command-line option.\n  \n  Please update your configuration.\n\n  CLI Options Documentation:\n  https://jestjs.io/docs/cli\n\nnpm error Lifecycle script `test:security:audit` failed with error:\nnpm error code 1\nnpm error path R:\\Apps\\Briefly_Cloud\\briefly-cloud-nextjs\nnpm error workspace briefly-cloud@1.0.0\nnpm error location R:\\Apps\\Briefly_Cloud\\briefly-cloud-nextjs\nnpm error command failed\nnpm error command C:\\WINDOWS\\system32\\cmd.exe /d /s /c jest --config jest.security.config.js --testPathPattern=audit --runInBand\n",
          "output": "\n> briefly-cloud@1.0.0 test:security:audit\n> jest --config jest.security.config.js --testPathPattern=audit --runInBand\n\n"
        },
        "monitoring": {
          "success": false,
          "error": "Command failed: npm run test:security:monitoring\ntestPathPattern:\n\n  Option \"testPathPattern\" was replaced by \"--testPathPatterns\". \"--testPathPatterns\" is only available as a command-line option.\n  \n  Please update your configuration.\n\n  CLI Options Documentation:\n  https://jestjs.io/docs/cli\n\nnpm error Lifecycle script `test:security:monitoring` failed with error:\nnpm error code 1\nnpm error path R:\\Apps\\Briefly_Cloud\\briefly-cloud-nextjs\nnpm error workspace briefly-cloud@1.0.0\nnpm error location R:\\Apps\\Briefly_Cloud\\briefly-cloud-nextjs\nnpm error command failed\nnpm error command C:\\WINDOWS\\system32\\cmd.exe /d /s /c jest --config jest.security.config.js --testPathPattern=monitoring --runInBand\n",
          "output": "\n> briefly-cloud@1.0.0 test:security:monitoring\n> jest --config jest.security.config.js --testPathPattern=monitoring --runInBand\n\n"
        },
        "integration": {
          "success": false,
          "error": "Command failed: npm run test:security:integration\ntestPathPattern:\n\n  Option \"testPathPattern\" was replaced by \"--testPathPatterns\". \"--testPathPatterns\" is only available as a command-line option.\n  \n  Please update your configuration.\n\n  CLI Options Documentation:\n  https://jestjs.io/docs/cli\n\nnpm error Lifecycle script `test:security:integration` failed with error:\nnpm error code 1\nnpm error path R:\\Apps\\Briefly_Cloud\\briefly-cloud-nextjs\nnpm error workspace briefly-cloud@1.0.0\nnpm error location R:\\Apps\\Briefly_Cloud\\briefly-cloud-nextjs\nnpm error command failed\nnpm error command C:\\WINDOWS\\system32\\cmd.exe /d /s /c jest --config jest.security.config.js --testPathPattern=integration --runInBand\n",
          "output": "\n> briefly-cloud@1.0.0 test:security:integration\n> jest --config jest.security.config.js --testPathPattern=integration --runInBand\n\n"
        }
      },
      "summary": {
        "totalPassed": 0,
        "totalFailed": 0,
        "totalTests": 0
      }
    },
    "environmentValidation": {
      "status": "passed",
      "results": {
        "success": true,
        "output": "[dotenv@17.2.1] injecting env (10) from .env.local -- tip: ‚öôÔ∏è  suppress all logs with { quiet: true }\n[dotenv@17.2.1] injecting env (0) from .env -- tip: üîê encrypt with Dotenvx: https://dotenvx.com\nüîç Validating environment configuration...\n\nüìä Environment Validation Results:\n\n‚ö†Ô∏è  Warnings:\n  - Consider enabling DEBUG for development\n  - Consider setting LOG_LEVEL to debug for development\n\nSummary: 0 errors, 2 warnings\n"
      }
    },
    "buildValidation": {
      "status": "not_run",
      "results": null
    }
  },
  "summary": {
    "overallStatus": "failed",
    "criticalIssues": 0,
    "highIssues": 0,
    "mediumIssues": 0,
    "lowIssues": 0,
    "testsPassed": 0,
    "testsFailed": 0,
    "pipelineSteps": {
      "total": 4,
      "passed": 3,
      "failed": 1
    }
  }
}